Determining if the pthread_create exist failed with the following output:
Change Dir: /home/anusnax230/anusna_ws/src/risc_control/build/CMakeFiles/CMakeTmp

Run Build Command:/usr/bin/make "cmTryCompileExec3468637455/fast"
make[1]: Entering directory `/home/anusnax230/anusna_ws/src/risc_control/build/CMakeFiles/CMakeTmp'
/usr/bin/make -f CMakeFiles/cmTryCompileExec3468637455.dir/build.make CMakeFiles/cmTryCompileExec3468637455.dir/build
make[2]: Entering directory `/home/anusnax230/anusna_ws/src/risc_control/build/CMakeFiles/CMakeTmp'
/usr/bin/cmake -E cmake_progress_report /home/anusnax230/anusna_ws/src/risc_control/build/CMakeFiles/CMakeTmp/CMakeFiles 1
Building C object CMakeFiles/cmTryCompileExec3468637455.dir/CheckSymbolExists.c.o
/usr/bin/cc    -o CMakeFiles/cmTryCompileExec3468637455.dir/CheckSymbolExists.c.o   -c /home/anusnax230/anusna_ws/src/risc_control/build/CMakeFiles/CMakeTmp/CheckSymbolExists.c
Linking C executable cmTryCompileExec3468637455
/usr/bin/cmake -E cmake_link_script CMakeFiles/cmTryCompileExec3468637455.dir/link.txt --verbose=1
/usr/bin/cc       CMakeFiles/cmTryCompileExec3468637455.dir/CheckSymbolExists.c.o  -o cmTryCompileExec3468637455 -rdynamic 
CMakeFiles/cmTryCompileExec3468637455.dir/CheckSymbolExists.c.o: In function `main':
CheckSymbolExists.c:(.text+0x16): undefined reference to `pthread_create'
collect2: error: ld returned 1 exit status
make[2]: *** [cmTryCompileExec3468637455] Error 1
make[2]: Leaving directory `/home/anusnax230/anusna_ws/src/risc_control/build/CMakeFiles/CMakeTmp'
make[1]: *** [cmTryCompileExec3468637455/fast] Error 2
make[1]: Leaving directory `/home/anusnax230/anusna_ws/src/risc_control/build/CMakeFiles/CMakeTmp'

File /home/anusnax230/anusna_ws/src/risc_control/build/CMakeFiles/CMakeTmp/CheckSymbolExists.c:
/* */
#include <pthread.h>

int main(int argc, char** argv)
{
  (void)argv;
#ifndef pthread_create
  return ((int*)(&pthread_create))[argc];
#else
  (void)argc;
  return 0;
#endif
}

Determining if the function pthread_create exists in the pthreads failed with the following output:
Change Dir: /home/anusnax230/anusna_ws/src/risc_control/build/CMakeFiles/CMakeTmp

Run Build Command:/usr/bin/make "cmTryCompileExec1893016954/fast"
make[1]: Entering directory `/home/anusnax230/anusna_ws/src/risc_control/build/CMakeFiles/CMakeTmp'
/usr/bin/make -f CMakeFiles/cmTryCompileExec1893016954.dir/build.make CMakeFiles/cmTryCompileExec1893016954.dir/build
make[2]: Entering directory `/home/anusnax230/anusna_ws/src/risc_control/build/CMakeFiles/CMakeTmp'
/usr/bin/cmake -E cmake_progress_report /home/anusnax230/anusna_ws/src/risc_control/build/CMakeFiles/CMakeTmp/CMakeFiles 1
Building C object CMakeFiles/cmTryCompileExec1893016954.dir/CheckFunctionExists.c.o
/usr/bin/cc   -DCHECK_FUNCTION_EXISTS=pthread_create   -o CMakeFiles/cmTryCompileExec1893016954.dir/CheckFunctionExists.c.o   -c /usr/share/cmake-2.8/Modules/CheckFunctionExists.c
Linking C executable cmTryCompileExec1893016954
/usr/bin/cmake -E cmake_link_script CMakeFiles/cmTryCompileExec1893016954.dir/link.txt --verbose=1
/usr/bin/cc   -DCHECK_FUNCTION_EXISTS=pthread_create    CMakeFiles/cmTryCompileExec1893016954.dir/CheckFunctionExists.c.o  -o cmTryCompileExec1893016954 -rdynamic -lpthreads 
/usr/bin/ld: cannot find -lpthreads
collect2: error: ld returned 1 exit status
make[2]: *** [cmTryCompileExec1893016954] Error 1
make[2]: Leaving directory `/home/anusnax230/anusna_ws/src/risc_control/build/CMakeFiles/CMakeTmp'
make[1]: Leaving directory `/home/anusnax230/anusna_ws/src/risc_control/build/CMakeFiles/CMakeTmp'
make[1]: *** [cmTryCompileExec1893016954/fast] Error 2


