Determining if the pthread_create exist failed with the following output:
Change Dir: /home/anusnax230/anusna_ws/src/data_extraction/build/CMakeFiles/CMakeTmp

Run Build Command:/usr/bin/make "cmTryCompileExec2450813940/fast"
make[1]: Entering directory `/home/anusnax230/anusna_ws/src/data_extraction/build/CMakeFiles/CMakeTmp'
/usr/bin/make -f CMakeFiles/cmTryCompileExec2450813940.dir/build.make CMakeFiles/cmTryCompileExec2450813940.dir/build
make[2]: Entering directory `/home/anusnax230/anusna_ws/src/data_extraction/build/CMakeFiles/CMakeTmp'
/usr/bin/cmake -E cmake_progress_report /home/anusnax230/anusna_ws/src/data_extraction/build/CMakeFiles/CMakeTmp/CMakeFiles 1
Building C object CMakeFiles/cmTryCompileExec2450813940.dir/CheckSymbolExists.c.o
/usr/bin/cc    -o CMakeFiles/cmTryCompileExec2450813940.dir/CheckSymbolExists.c.o   -c /home/anusnax230/anusna_ws/src/data_extraction/build/CMakeFiles/CMakeTmp/CheckSymbolExists.c
Linking C executable cmTryCompileExec2450813940
/usr/bin/cmake -E cmake_link_script CMakeFiles/cmTryCompileExec2450813940.dir/link.txt --verbose=1
/usr/bin/cc       CMakeFiles/cmTryCompileExec2450813940.dir/CheckSymbolExists.c.o  -o cmTryCompileExec2450813940 -rdynamic 
CMakeFiles/cmTryCompileExec2450813940.dir/CheckSymbolExists.c.o: In function `main':
CheckSymbolExists.c:(.text+0x16): undefined reference to `pthread_create'
collect2: error: ld returned 1 exit status
make[2]: *** [cmTryCompileExec2450813940] Error 1
make[2]: Leaving directory `/home/anusnax230/anusna_ws/src/data_extraction/build/CMakeFiles/CMakeTmp'
make[1]: *** [cmTryCompileExec2450813940/fast] Error 2
make[1]: Leaving directory `/home/anusnax230/anusna_ws/src/data_extraction/build/CMakeFiles/CMakeTmp'

File /home/anusnax230/anusna_ws/src/data_extraction/build/CMakeFiles/CMakeTmp/CheckSymbolExists.c:
/* */
#include <pthread.h>

int main(int argc, char** argv)
{
  (void)argv;
#ifndef pthread_create
  return ((int*)(&pthread_create))[argc];
#else
  (void)argc;
  return 0;
#endif
}

Determining if the function pthread_create exists in the pthreads failed with the following output:
Change Dir: /home/anusnax230/anusna_ws/src/data_extraction/build/CMakeFiles/CMakeTmp

Run Build Command:/usr/bin/make "cmTryCompileExec1771079420/fast"
make[1]: Entering directory `/home/anusnax230/anusna_ws/src/data_extraction/build/CMakeFiles/CMakeTmp'
/usr/bin/make -f CMakeFiles/cmTryCompileExec1771079420.dir/build.make CMakeFiles/cmTryCompileExec1771079420.dir/build
make[2]: Entering directory `/home/anusnax230/anusna_ws/src/data_extraction/build/CMakeFiles/CMakeTmp'
/usr/bin/cmake -E cmake_progress_report /home/anusnax230/anusna_ws/src/data_extraction/build/CMakeFiles/CMakeTmp/CMakeFiles 1
Building C object CMakeFiles/cmTryCompileExec1771079420.dir/CheckFunctionExists.c.o
/usr/bin/cc   -DCHECK_FUNCTION_EXISTS=pthread_create   -o CMakeFiles/cmTryCompileExec1771079420.dir/CheckFunctionExists.c.o   -c /usr/share/cmake-2.8/Modules/CheckFunctionExists.c
Linking C executable cmTryCompileExec1771079420
/usr/bin/cmake -E cmake_link_script CMakeFiles/cmTryCompileExec1771079420.dir/link.txt --verbose=1
/usr/bin/cc   -DCHECK_FUNCTION_EXISTS=pthread_create    CMakeFiles/cmTryCompileExec1771079420.dir/CheckFunctionExists.c.o  -o cmTryCompileExec1771079420 -rdynamic -lpthreads 
/usr/bin/ld: cannot find -lpthreads
collect2: error: ld returned 1 exit status
make[2]: *** [cmTryCompileExec1771079420] Error 1
make[2]: Leaving directory `/home/anusnax230/anusna_ws/src/data_extraction/build/CMakeFiles/CMakeTmp'
make[1]: *** [cmTryCompileExec1771079420/fast] Error 2
make[1]: Leaving directory `/home/anusnax230/anusna_ws/src/data_extraction/build/CMakeFiles/CMakeTmp'


